\BOOKMARK [1][]{section.1}{Introduction}{}
\BOOKMARK [1][]{section.2}{Differential GPS}{}
\BOOKMARK [1][]{section.3}{RTCM and Ntrip}{}
\BOOKMARK [1][]{section.4}{Sample Applications}{}
\BOOKMARK [2][]{subsection.4.1}{Machine Control}{section.4}
\BOOKMARK [2][]{subsection.4.2}{Navigation}{section.4}
\BOOKMARK [2][]{subsection.4.3}{Surveying}{section.4}
\BOOKMARK [2][]{subsection.4.4}{Infrastructure Monitoring}{section.4}
\BOOKMARK [2][]{subsection.4.5}{Early Warning Systems}{section.4}
\BOOKMARK [1][]{section.5}{Attack Vectors}{}
\BOOKMARK [2][]{subsection.5.1}{Security Statistics}{section.5}
\BOOKMARK [2][]{subsection.5.2}{Man in the middle}{section.5}
\BOOKMARK [2][]{subsection.5.3}{Authentication Spoofing}{section.5}
\BOOKMARK [1][]{section.6}{Attack Taxonomy}{}
\BOOKMARK [2][]{subsection.6.1}{Economic Damage}{section.6}
\BOOKMARK [2][]{subsection.6.2}{Navigational Control Hijacking / Confusion}{section.6}
\BOOKMARK [2][]{subsection.6.3}{False Billing}{section.6}
\BOOKMARK [2][]{subsection.6.4}{Diversionary Attacks}{section.6}
\BOOKMARK [2][]{subsection.6.5}{Location Privacy Violations}{section.6}
\BOOKMARK [1][]{section.7}{An Attack on a Real Time Kinematics Engine}{}
\BOOKMARK [2][]{subsection.7.1}{Attack Testbed}{section.7}
\BOOKMARK [2][]{subsection.7.2}{The Attack}{section.7}
\BOOKMARK [2][]{subsection.7.3}{What This Attack Means}{section.7}
\BOOKMARK [1][]{section.8}{Scope of Impact}{}
\BOOKMARK [1][]{section.9}{Future Work}{}
\BOOKMARK [1][]{section.10}{Conclusion}{}
\BOOKMARK [1][]{section.11}{Thanks}{}
